<?xml version="1.0" encoding="UTF-8"?>
<!-- Generated by org.testng.reporters.JUnitXMLReporter -->
<testsuite hostname="BSC-PF10PQNE" ignored="0" name="Test" tests="6" failures="0" timestamp="01 Nov 2020 10:37:31 GMT" time="8.172" errors="0">
  <testcase name="verifyAtlestHundredRecordsAreBeingReturned" time="3.181" classname="testCases.GetRequest"/>
  <testcase name="verifyInvalidGetRequest" time="0.984" classname="testCases.GetRequest"/>
  <testcase name="verifyOnlyOneRecordIsBeingReturned" time="0.685" classname="testCases.GetRequest"/>
  <testcase name="verifyDeleteRequest" time="1.081" classname="testCases.DeleteRequest"/>
  <testcase name="verifyPostRequest" time="1.095" classname="testCases.PostRequest"/>
  <testcase name="verifyPutRequest" time="1.077" classname="testCases.PutRequest"/>
</testsuite> <!-- Test -->
