<?xml version="1.0" encoding="UTF-8"?>
<!-- Generated by org.testng.reporters.JUnitXMLReporter -->
<testsuite hostname="BSC-PF10PQNE" ignored="0" name="Test" tests="6" failures="0" timestamp="01 Nov 2020 03:21:04 GMT" time="6.327" errors="0">
  <testcase name="verifyAtlestHundredRecordsAreBeingReturned" time="2.883" classname="testCases.GetRequest"/>
  <testcase name="verifyInvalidGetRequest" time="0.377" classname="testCases.GetRequest"/>
  <testcase name="verifyOnlyOneRecordIsBeingReturned" time="0.367" classname="testCases.GetRequest"/>
  <testcase name="verifyDeleteRequest" time="0.879" classname="testCases.DeleteRequest"/>
  <testcase name="verifyPostRequest" time="0.919" classname="testCases.PostRequest"/>
  <testcase name="verifyPutRequest" time="0.815" classname="testCases.PutRequest"/>
</testsuite> <!-- Test -->
