<?xml version="1.0" encoding="UTF-8"?>
<testng-results skipped="0" failed="0" ignored="0" total="1" passed="1">
  <reporter-output>
  </reporter-output>
  <suite name="Default suite" duration-ms="4188" started-at="2020-11-01T06:06:47Z" finished-at="2020-11-01T06:06:52Z">
    <groups>
    </groups>
    <test name="Default test" duration-ms="4188" started-at="2020-11-01T06:06:47Z" finished-at="2020-11-01T06:06:52Z">
      <class name="testCases.DeleteRequest">
        <test-method status="PASS" signature="verifyDeleteRequest()[pri:0, instance:testCases.DeleteRequest@42d80b78]" name="verifyDeleteRequest" duration-ms="4140" started-at="2020-11-01T06:06:47Z" finished-at="2020-11-01T06:06:52Z">
          <reporter-output>
          </reporter-output>
        </test-method> <!-- verifyDeleteRequest -->
      </class> <!-- testCases.DeleteRequest -->
    </test> <!-- Default test -->
  </suite> <!-- Default suite -->
</testng-results>
