<?xml version="1.0" encoding="UTF-8"?>
<testng-results skipped="0" failed="0" ignored="0" total="6" passed="6">
  <reporter-output>
  </reporter-output>
  <suite name="Suite" duration-ms="8172" started-at="2020-11-01T10:37:23Z" finished-at="2020-11-01T10:37:31Z">
    <groups>
    </groups>
    <test name="Test" duration-ms="8172" started-at="2020-11-01T10:37:23Z" finished-at="2020-11-01T10:37:31Z">
      <class name="testCases.DeleteRequest">
        <test-method status="PASS" signature="verifyDeleteRequest()[pri:0, instance:testCases.DeleteRequest@56ef9176]" name="verifyDeleteRequest" duration-ms="1081" started-at="2020-11-01T10:37:27Z" finished-at="2020-11-01T10:37:29Z">
          <reporter-output>
          </reporter-output>
        </test-method> <!-- verifyDeleteRequest -->
      </class> <!-- testCases.DeleteRequest -->
      <class name="testCases.GetRequest">
        <test-method status="PASS" signature="verifyAtlestHundredRecordsAreBeingReturned()[pri:0, instance:testCases.GetRequest@13805618]" name="verifyAtlestHundredRecordsAreBeingReturned" duration-ms="3181" started-at="2020-11-01T10:37:23Z" finished-at="2020-11-01T10:37:26Z">
          <reporter-output>
          </reporter-output>
        </test-method> <!-- verifyAtlestHundredRecordsAreBeingReturned -->
        <test-method status="PASS" signature="verifyInvalidGetRequest()[pri:0, instance:testCases.GetRequest@13805618]" name="verifyInvalidGetRequest" duration-ms="984" started-at="2020-11-01T10:37:26Z" finished-at="2020-11-01T10:37:27Z">
          <reporter-output>
          </reporter-output>
        </test-method> <!-- verifyInvalidGetRequest -->
        <test-method status="PASS" signature="verifyOnlyOneRecordIsBeingReturned()[pri:0, instance:testCases.GetRequest@13805618]" name="verifyOnlyOneRecordIsBeingReturned" duration-ms="685" started-at="2020-11-01T10:37:27Z" finished-at="2020-11-01T10:37:27Z">
          <reporter-output>
          </reporter-output>
        </test-method> <!-- verifyOnlyOneRecordIsBeingReturned -->
      </class> <!-- testCases.GetRequest -->
      <class name="testCases.PutRequest">
        <test-method status="PASS" signature="verifyPutRequest()[pri:0, instance:testCases.PutRequest@1ed4004b]" name="verifyPutRequest" duration-ms="1077" started-at="2020-11-01T10:37:30Z" finished-at="2020-11-01T10:37:31Z">
          <reporter-output>
          </reporter-output>
        </test-method> <!-- verifyPutRequest -->
      </class> <!-- testCases.PutRequest -->
      <class name="testCases.PostRequest">
        <test-method status="PASS" signature="verifyPostRequest()[pri:0, instance:testCases.PostRequest@4566e5bd]" name="verifyPostRequest" duration-ms="1095" started-at="2020-11-01T10:37:29Z" finished-at="2020-11-01T10:37:30Z">
          <reporter-output>
          </reporter-output>
        </test-method> <!-- verifyPostRequest -->
      </class> <!-- testCases.PostRequest -->
    </test> <!-- Test -->
  </suite> <!-- Suite -->
</testng-results>
